[1.077s] DEBUG:colcon:Command line arguments: ['/usr/bin/colcon', 'build']
[1.078s] DEBUG:colcon:Parsed command line arguments: Namespace(log_base=None, log_level=None, verb_name='build', build_base='build', install_base='install', merge_install=False, symlink_install=False, test_result_base=None, continue_on_error=False, executor='parallel', parallel_workers=4, event_handlers=None, ignore_user_meta=False, metas=['./colcon.meta'], base_paths=['.'], packages_ignore=None, packages_ignore_regex=None, paths=None, packages_up_to=None, packages_up_to_regex=None, packages_above=None, packages_above_and_dependencies=None, packages_above_depth=None, packages_select_by_dep=None, packages_skip_by_dep=None, packages_skip_up_to=None, packages_select_build_failed=False, packages_skip_build_finished=False, packages_select_test_failures=False, packages_skip_test_passed=False, packages_select=None, packages_skip=None, packages_select_regex=None, packages_skip_regex=None, packages_start=None, packages_end=None, allow_overriding=[], cmake_args=None, cmake_target=None, cmake_target_skip_unavailable=False, cmake_clean_cache=False, cmake_clean_first=False, cmake_force_configure=False, ament_cmake_args=None, catkin_cmake_args=None, catkin_skip_building_tests=False, mixin_files=None, mixin=None, verb_parser=<colcon_mixin.mixin.mixin_argument.MixinArgumentDecorator object at 0x73fb9bf83b00>, verb_extension=<colcon_core.verb.build.BuildVerb object at 0x73fb9c073f20>, main=<bound method BuildVerb.main of <colcon_core.verb.build.BuildVerb object at 0x73fb9c073f20>>, mixin_verb=('build',))
[1.311s] Level 1:colcon.colcon_core.package_discovery:discover_packages(colcon_meta) check parameters
[1.312s] Level 1:colcon.colcon_core.package_discovery:discover_packages(recursive) check parameters
[1.313s] Level 1:colcon.colcon_core.package_discovery:discover_packages(ignore) check parameters
[1.313s] Level 1:colcon.colcon_core.package_discovery:discover_packages(path) check parameters
[1.313s] Level 1:colcon.colcon_core.package_discovery:discover_packages(colcon_meta) discover
[1.313s] Level 1:colcon.colcon_core.package_discovery:discover_packages(recursive) discover
[1.314s] INFO:colcon.colcon_core.package_discovery:Crawling recursively for packages in '/home/selehadin/diffrobo_ws'
[1.314s] Level 1:colcon.colcon_core.package_identification:_identify(.) by extensions ['ignore', 'ignore_ament_install']
[1.315s] Level 1:colcon.colcon_core.package_identification:_identify(.) by extension 'ignore'
[1.315s] Level 1:colcon.colcon_core.package_identification:_identify(.) by extension 'ignore_ament_install'
[1.316s] Level 1:colcon.colcon_core.package_identification:_identify(.) by extensions ['colcon_pkg']
[1.317s] Level 1:colcon.colcon_core.package_identification:_identify(.) by extension 'colcon_pkg'
[1.317s] Level 1:colcon.colcon_core.package_identification:_identify(.) by extensions ['colcon_meta']
[1.319s] Level 1:colcon.colcon_core.package_identification:_identify(.) by extension 'colcon_meta'
[1.320s] Level 1:colcon.colcon_core.package_identification:_identify(.) by extensions ['ros']
[1.320s] Level 1:colcon.colcon_core.package_identification:_identify(.) by extension 'ros'
[1.502s] Level 1:colcon.colcon_core.package_identification:_identify(.) by extensions ['cmake', 'python']
[1.503s] Level 1:colcon.colcon_core.package_identification:_identify(.) by extension 'cmake'
[1.504s] Level 1:colcon.colcon_core.package_identification:_identify(.) by extension 'python'
[1.504s] Level 1:colcon.colcon_core.package_identification:_identify(.) by extensions ['python_setup_py']
[1.504s] Level 1:colcon.colcon_core.package_identification:_identify(.) by extension 'python_setup_py'
[1.505s] Level 1:colcon.colcon_core.package_identification:_identify(build) by extensions ['ignore', 'ignore_ament_install']
[1.505s] Level 1:colcon.colcon_core.package_identification:_identify(build) by extension 'ignore'
[1.505s] Level 1:colcon.colcon_core.package_identification:_identify(build) ignored
[1.506s] Level 1:colcon.colcon_core.package_identification:_identify(install) by extensions ['ignore', 'ignore_ament_install']
[1.506s] Level 1:colcon.colcon_core.package_identification:_identify(install) by extension 'ignore'
[1.506s] Level 1:colcon.colcon_core.package_identification:_identify(install) ignored
[1.507s] Level 1:colcon.colcon_core.package_identification:_identify(log) by extensions ['ignore', 'ignore_ament_install']
[1.507s] Level 1:colcon.colcon_core.package_identification:_identify(log) by extension 'ignore'
[1.507s] Level 1:colcon.colcon_core.package_identification:_identify(log) ignored
[1.507s] Level 1:colcon.colcon_core.package_identification:_identify(src) by extensions ['ignore', 'ignore_ament_install']
[1.508s] Level 1:colcon.colcon_core.package_identification:_identify(src) by extension 'ignore'
[1.508s] Level 1:colcon.colcon_core.package_identification:_identify(src) by extension 'ignore_ament_install'
[1.508s] Level 1:colcon.colcon_core.package_identification:_identify(src) by extensions ['colcon_pkg']
[1.508s] Level 1:colcon.colcon_core.package_identification:_identify(src) by extension 'colcon_pkg'
[1.509s] Level 1:colcon.colcon_core.package_identification:_identify(src) by extensions ['colcon_meta']
[1.509s] Level 1:colcon.colcon_core.package_identification:_identify(src) by extension 'colcon_meta'
[1.509s] Level 1:colcon.colcon_core.package_identification:_identify(src) by extensions ['ros']
[1.509s] Level 1:colcon.colcon_core.package_identification:_identify(src) by extension 'ros'
[1.510s] Level 1:colcon.colcon_core.package_identification:_identify(src) by extensions ['cmake', 'python']
[1.510s] Level 1:colcon.colcon_core.package_identification:_identify(src) by extension 'cmake'
[1.510s] Level 1:colcon.colcon_core.package_identification:_identify(src) by extension 'python'
[1.510s] Level 1:colcon.colcon_core.package_identification:_identify(src) by extensions ['python_setup_py']
[1.510s] Level 1:colcon.colcon_core.package_identification:_identify(src) by extension 'python_setup_py'
[1.511s] Level 1:colcon.colcon_core.package_identification:_identify(src/differential_drive_robot) by extensions ['ignore', 'ignore_ament_install']
[1.511s] Level 1:colcon.colcon_core.package_identification:_identify(src/differential_drive_robot) by extension 'ignore'
[1.511s] Level 1:colcon.colcon_core.package_identification:_identify(src/differential_drive_robot) by extension 'ignore_ament_install'
[1.511s] Level 1:colcon.colcon_core.package_identification:_identify(src/differential_drive_robot) by extensions ['colcon_pkg']
[1.512s] Level 1:colcon.colcon_core.package_identification:_identify(src/differential_drive_robot) by extension 'colcon_pkg'
[1.512s] Level 1:colcon.colcon_core.package_identification:_identify(src/differential_drive_robot) by extensions ['colcon_meta']
[1.512s] Level 1:colcon.colcon_core.package_identification:_identify(src/differential_drive_robot) by extension 'colcon_meta'
[1.512s] Level 1:colcon.colcon_core.package_identification:_identify(src/differential_drive_robot) by extensions ['ros']
[1.512s] Level 1:colcon.colcon_core.package_identification:_identify(src/differential_drive_robot) by extension 'ros'
[1.524s] DEBUG:colcon.colcon_core.package_identification:Package 'src/differential_drive_robot' with type 'ros.ament_cmake' and name 'differential_drive_robot'
[1.524s] Level 1:colcon.colcon_core.package_discovery:discover_packages(recursive) using defaults
[1.525s] Level 1:colcon.colcon_core.package_discovery:discover_packages(ignore) discover
[1.525s] Level 1:colcon.colcon_core.package_discovery:discover_packages(ignore) using defaults
[1.525s] Level 1:colcon.colcon_core.package_discovery:discover_packages(path) discover
[1.525s] Level 1:colcon.colcon_core.package_discovery:discover_packages(path) using defaults
[1.656s] Level 1:colcon.colcon_core.package_discovery:discover_packages(prefix_path) check parameters
[1.656s] Level 1:colcon.colcon_core.package_discovery:discover_packages(prefix_path) discover
[1.695s] DEBUG:colcon.colcon_installed_package_information.package_discovery:Found 359 installed packages in /opt/ros/jazzy
[1.701s] Level 1:colcon.colcon_core.package_discovery:discover_packages(prefix_path) using defaults
[2.095s] Level 5:colcon.colcon_core.verb:set package 'differential_drive_robot' build argument 'cmake_args' from command line to 'None'
[2.096s] Level 5:colcon.colcon_core.verb:set package 'differential_drive_robot' build argument 'cmake_target' from command line to 'None'
[2.096s] Level 5:colcon.colcon_core.verb:set package 'differential_drive_robot' build argument 'cmake_target_skip_unavailable' from command line to 'False'
[2.096s] Level 5:colcon.colcon_core.verb:set package 'differential_drive_robot' build argument 'cmake_clean_cache' from command line to 'False'
[2.096s] Level 5:colcon.colcon_core.verb:set package 'differential_drive_robot' build argument 'cmake_clean_first' from command line to 'False'
[2.096s] Level 5:colcon.colcon_core.verb:set package 'differential_drive_robot' build argument 'cmake_force_configure' from command line to 'False'
[2.096s] Level 5:colcon.colcon_core.verb:set package 'differential_drive_robot' build argument 'ament_cmake_args' from command line to 'None'
[2.096s] Level 5:colcon.colcon_core.verb:set package 'differential_drive_robot' build argument 'catkin_cmake_args' from command line to 'None'
[2.096s] Level 5:colcon.colcon_core.verb:set package 'differential_drive_robot' build argument 'catkin_skip_building_tests' from command line to 'False'
[2.097s] DEBUG:colcon.colcon_core.verb:Building package 'differential_drive_robot' with the following arguments: {'ament_cmake_args': None, 'build_base': '/home/selehadin/diffrobo_ws/build/differential_drive_robot', 'catkin_cmake_args': None, 'catkin_skip_building_tests': False, 'cmake_args': None, 'cmake_clean_cache': False, 'cmake_clean_first': False, 'cmake_force_configure': False, 'cmake_target': None, 'cmake_target_skip_unavailable': False, 'install_base': '/home/selehadin/diffrobo_ws/install/differential_drive_robot', 'merge_install': False, 'path': '/home/selehadin/diffrobo_ws/src/differential_drive_robot', 'symlink_install': False, 'test_result_base': None}
[2.097s] INFO:colcon.colcon_core.executor:Executing jobs using 'parallel' executor
[2.105s] DEBUG:colcon.colcon_parallel_executor.executor.parallel:run_until_complete
[2.106s] INFO:colcon.colcon_ros.task.ament_cmake.build:Building ROS package in '/home/selehadin/diffrobo_ws/src/differential_drive_robot' with build type 'ament_cmake'
[2.106s] INFO:colcon.colcon_cmake.task.cmake.build:Building CMake package in '/home/selehadin/diffrobo_ws/src/differential_drive_robot'
[2.141s] INFO:colcon.colcon_core.plugin_system:Skipping extension 'colcon_core.shell.bat': Not used on non-Windows systems
[2.142s] INFO:colcon.colcon_core.shell:Skip shell extension 'powershell' for command environment: Not usable outside of PowerShell
[2.143s] DEBUG:colcon.colcon_core.shell:Skip shell extension 'dsv' for command environment
[2.187s] DEBUG:colcon.colcon_core.event_handler.log_command:Invoking command in '/home/selehadin/diffrobo_ws/build/differential_drive_robot': CMAKE_PREFIX_PATH=${CMAKE_PREFIX_PATH}:/opt/ros/jazzy CONDA_PROMPT_MODIFIER=(base) DEBUGINFOD_URLS=https://debuginfod.ubuntu.com /usr/bin/cmake /home/selehadin/diffrobo_ws/src/differential_drive_robot -DCMAKE_INSTALL_PREFIX=/home/selehadin/diffrobo_ws/install/differential_drive_robot
[7.627s] DEBUG:colcon.colcon_core.event_handler.log_command:Invoked command in '/home/selehadin/diffrobo_ws/build/differential_drive_robot' returned '0': CMAKE_PREFIX_PATH=${CMAKE_PREFIX_PATH}:/opt/ros/jazzy CONDA_PROMPT_MODIFIER=(base) DEBUGINFOD_URLS=https://debuginfod.ubuntu.com /usr/bin/cmake /home/selehadin/diffrobo_ws/src/differential_drive_robot -DCMAKE_INSTALL_PREFIX=/home/selehadin/diffrobo_ws/install/differential_drive_robot
[7.636s] DEBUG:colcon.colcon_core.event_handler.log_command:Invoking command in '/home/selehadin/diffrobo_ws/build/differential_drive_robot': CMAKE_PREFIX_PATH=${CMAKE_PREFIX_PATH}:/opt/ros/jazzy CONDA_PROMPT_MODIFIER=(base) DEBUGINFOD_URLS=https://debuginfod.ubuntu.com /usr/bin/cmake --build /home/selehadin/diffrobo_ws/build/differential_drive_robot -- -j4 -l4
[7.807s] DEBUG:colcon.colcon_core.event_handler.log_command:Invoked command in '/home/selehadin/diffrobo_ws/build/differential_drive_robot' returned '0': CMAKE_PREFIX_PATH=${CMAKE_PREFIX_PATH}:/opt/ros/jazzy CONDA_PROMPT_MODIFIER=(base) DEBUGINFOD_URLS=https://debuginfod.ubuntu.com /usr/bin/cmake --build /home/selehadin/diffrobo_ws/build/differential_drive_robot -- -j4 -l4
[7.855s] DEBUG:colcon.colcon_core.event_handler.log_command:Invoking command in '/home/selehadin/diffrobo_ws/build/differential_drive_robot': CMAKE_PREFIX_PATH=${CMAKE_PREFIX_PATH}:/opt/ros/jazzy CONDA_PROMPT_MODIFIER=(base) DEBUGINFOD_URLS=https://debuginfod.ubuntu.com /usr/bin/cmake --install /home/selehadin/diffrobo_ws/build/differential_drive_robot
[7.930s] Level 1:colcon.colcon_core.environment:create_environment_scripts_only(differential_drive_robot)
[7.933s] DEBUG:colcon.colcon_core.event_handler.log_command:Invoked command in '/home/selehadin/diffrobo_ws/build/differential_drive_robot' returned '0': CMAKE_PREFIX_PATH=${CMAKE_PREFIX_PATH}:/opt/ros/jazzy CONDA_PROMPT_MODIFIER=(base) DEBUGINFOD_URLS=https://debuginfod.ubuntu.com /usr/bin/cmake --install /home/selehadin/diffrobo_ws/build/differential_drive_robot
[7.963s] Level 1:colcon.colcon_core.environment:checking '/home/selehadin/diffrobo_ws/install/differential_drive_robot' for CMake module files
[7.968s] Level 1:colcon.colcon_core.environment:checking '/home/selehadin/diffrobo_ws/install/differential_drive_robot' for CMake config files
[7.969s] Level 1:colcon.colcon_core.shell:create_environment_hook('differential_drive_robot', 'cmake_prefix_path')
[7.971s] INFO:colcon.colcon_core.shell:Creating environment hook '/home/selehadin/diffrobo_ws/install/differential_drive_robot/share/differential_drive_robot/hook/cmake_prefix_path.ps1'
[7.975s] INFO:colcon.colcon_core.shell:Creating environment descriptor '/home/selehadin/diffrobo_ws/install/differential_drive_robot/share/differential_drive_robot/hook/cmake_prefix_path.dsv'
[7.979s] INFO:colcon.colcon_core.shell:Creating environment hook '/home/selehadin/diffrobo_ws/install/differential_drive_robot/share/differential_drive_robot/hook/cmake_prefix_path.sh'
[7.986s] Level 1:colcon.colcon_core.environment:checking '/home/selehadin/diffrobo_ws/install/differential_drive_robot/bin'
[7.987s] Level 1:colcon.colcon_core.environment:checking '/home/selehadin/diffrobo_ws/install/differential_drive_robot/lib/pkgconfig/differential_drive_robot.pc'
[7.988s] Level 1:colcon.colcon_core.environment:checking '/home/selehadin/diffrobo_ws/install/differential_drive_robot/lib/python3.12/site-packages'
[7.989s] Level 1:colcon.colcon_core.environment:checking '/home/selehadin/diffrobo_ws/install/differential_drive_robot/bin'
[7.991s] INFO:colcon.colcon_core.shell:Creating package script '/home/selehadin/diffrobo_ws/install/differential_drive_robot/share/differential_drive_robot/package.ps1'
[7.996s] INFO:colcon.colcon_core.shell:Creating package descriptor '/home/selehadin/diffrobo_ws/install/differential_drive_robot/share/differential_drive_robot/package.dsv'
[8.000s] INFO:colcon.colcon_core.shell:Creating package script '/home/selehadin/diffrobo_ws/install/differential_drive_robot/share/differential_drive_robot/package.sh'
[8.008s] INFO:colcon.colcon_core.shell:Creating package script '/home/selehadin/diffrobo_ws/install/differential_drive_robot/share/differential_drive_robot/package.bash'
[8.012s] INFO:colcon.colcon_core.shell:Creating package script '/home/selehadin/diffrobo_ws/install/differential_drive_robot/share/differential_drive_robot/package.zsh'
[8.024s] Level 1:colcon.colcon_core.environment:create_file_with_runtime_dependencies(/home/selehadin/diffrobo_ws/install/differential_drive_robot/share/colcon-core/packages/differential_drive_robot)
[8.027s] Level 1:colcon.colcon_core.environment:create_environment_scripts_only(differential_drive_robot)
[8.028s] Level 1:colcon.colcon_core.environment:checking '/home/selehadin/diffrobo_ws/install/differential_drive_robot' for CMake module files
[8.032s] Level 1:colcon.colcon_core.environment:checking '/home/selehadin/diffrobo_ws/install/differential_drive_robot' for CMake config files
[8.037s] Level 1:colcon.colcon_core.shell:create_environment_hook('differential_drive_robot', 'cmake_prefix_path')
[8.038s] INFO:colcon.colcon_core.shell:Creating environment hook '/home/selehadin/diffrobo_ws/install/differential_drive_robot/share/differential_drive_robot/hook/cmake_prefix_path.ps1'
[8.039s] INFO:colcon.colcon_core.shell:Creating environment descriptor '/home/selehadin/diffrobo_ws/install/differential_drive_robot/share/differential_drive_robot/hook/cmake_prefix_path.dsv'
[8.041s] INFO:colcon.colcon_core.shell:Creating environment hook '/home/selehadin/diffrobo_ws/install/differential_drive_robot/share/differential_drive_robot/hook/cmake_prefix_path.sh'
[8.044s] Level 1:colcon.colcon_core.environment:checking '/home/selehadin/diffrobo_ws/install/differential_drive_robot/bin'
[8.045s] Level 1:colcon.colcon_core.environment:checking '/home/selehadin/diffrobo_ws/install/differential_drive_robot/lib/pkgconfig/differential_drive_robot.pc'
[8.045s] Level 1:colcon.colcon_core.environment:checking '/home/selehadin/diffrobo_ws/install/differential_drive_robot/lib/python3.12/site-packages'
[8.046s] Level 1:colcon.colcon_core.environment:checking '/home/selehadin/diffrobo_ws/install/differential_drive_robot/bin'
[8.049s] INFO:colcon.colcon_core.shell:Creating package script '/home/selehadin/diffrobo_ws/install/differential_drive_robot/share/differential_drive_robot/package.ps1'
[8.053s] INFO:colcon.colcon_core.shell:Creating package descriptor '/home/selehadin/diffrobo_ws/install/differential_drive_robot/share/differential_drive_robot/package.dsv'
[8.057s] INFO:colcon.colcon_core.shell:Creating package script '/home/selehadin/diffrobo_ws/install/differential_drive_robot/share/differential_drive_robot/package.sh'
[8.059s] INFO:colcon.colcon_core.shell:Creating package script '/home/selehadin/diffrobo_ws/install/differential_drive_robot/share/differential_drive_robot/package.bash'
[8.062s] INFO:colcon.colcon_core.shell:Creating package script '/home/selehadin/diffrobo_ws/install/differential_drive_robot/share/differential_drive_robot/package.zsh'
[8.063s] Level 1:colcon.colcon_core.environment:create_file_with_runtime_dependencies(/home/selehadin/diffrobo_ws/install/differential_drive_robot/share/colcon-core/packages/differential_drive_robot)
[8.064s] DEBUG:colcon.colcon_parallel_executor.executor.parallel:closing loop
[8.065s] DEBUG:colcon.colcon_parallel_executor.executor.parallel:loop closed
[8.065s] DEBUG:colcon.colcon_parallel_executor.executor.parallel:run_until_complete finished with '0'
[8.066s] DEBUG:colcon.colcon_core.event_reactor:joining thread
[8.110s] INFO:colcon.colcon_core.plugin_system:Skipping extension 'colcon_notification.desktop_notification.terminal_notifier': Not used on non-Darwin systems
[8.110s] INFO:colcon.colcon_core.plugin_system:Skipping extension 'colcon_notification.desktop_notification.win32': Not used on non-Windows systems
[8.110s] INFO:colcon.colcon_notification.desktop_notification:Sending desktop notification using 'notify2'
[8.203s] DEBUG:colcon.colcon_core.event_reactor:joined thread
[8.204s] INFO:colcon.colcon_core.shell:Creating prefix script '/home/selehadin/diffrobo_ws/install/local_setup.ps1'
[8.218s] INFO:colcon.colcon_core.shell:Creating prefix util module '/home/selehadin/diffrobo_ws/install/_local_setup_util_ps1.py'
[8.229s] INFO:colcon.colcon_core.shell:Creating prefix chain script '/home/selehadin/diffrobo_ws/install/setup.ps1'
[8.235s] INFO:colcon.colcon_core.shell:Creating prefix script '/home/selehadin/diffrobo_ws/install/local_setup.sh'
[8.245s] INFO:colcon.colcon_core.shell:Creating prefix util module '/home/selehadin/diffrobo_ws/install/_local_setup_util_sh.py'
[8.249s] INFO:colcon.colcon_core.shell:Creating prefix chain script '/home/selehadin/diffrobo_ws/install/setup.sh'
[8.259s] INFO:colcon.colcon_core.shell:Creating prefix script '/home/selehadin/diffrobo_ws/install/local_setup.bash'
[8.265s] INFO:colcon.colcon_core.shell:Creating prefix chain script '/home/selehadin/diffrobo_ws/install/setup.bash'
[8.269s] INFO:colcon.colcon_core.shell:Creating prefix script '/home/selehadin/diffrobo_ws/install/local_setup.zsh'
[8.271s] INFO:colcon.colcon_core.shell:Creating prefix chain script '/home/selehadin/diffrobo_ws/install/setup.zsh'
