[0.079s] Invoking command in '/home/selehadin/diffrobo_ws/build/differential_drive_robot': CMAKE_PREFIX_PATH=${CMAKE_PREFIX_PATH}:/opt/ros/jazzy CONDA_PROMPT_MODIFIER=(base) DEBUGINFOD_URLS=https://debuginfod.ubuntu.com /usr/bin/cmake /home/selehadin/diffrobo_ws/src/differential_drive_robot -DCMAKE_INSTALL_PREFIX=/home/selehadin/diffrobo_ws/install/differential_drive_robot
[0.736s] -- The C compiler identification is GNU 13.3.0
[1.311s] -- The CXX compiler identification is GNU 13.3.0
[1.412s] -- Detecting C compiler ABI info
[1.999s] -- Detecting C compiler ABI info - done
[2.064s] -- Check for working C compiler: /usr/bin/cc - skipped
[2.072s] -- Detecting C compile features
[2.075s] -- Detecting C compile features - done
[2.138s] -- Detecting CXX compiler ABI info
[2.730s] -- Detecting CXX compiler ABI info - done
[2.812s] -- Check for working CXX compiler: /usr/bin/c++ - skipped
[2.814s] -- Detecting CXX compile features
[2.817s] -- Detecting CXX compile features - done
[2.872s] -- Found ament_cmake: 2.5.2 (/opt/ros/jazzy/share/ament_cmake/cmake)
[3.764s] -- Found Python3: /home/selehadin/miniconda3/bin/python3 (found version "3.8.5") found components: Interpreter 
[4.568s] -- Found ament_lint_auto: 0.17.1 (/opt/ros/jazzy/share/ament_lint_auto/cmake)
[5.380s] -- Added test 'flake8' to check Python code syntax and style conventions
[5.381s] -- Configured 'flake8' exclude dirs and/or files: 
[5.391s] -- Added test 'lint_cmake' to check CMake code style
[5.401s] -- Added test 'pep257' to check Python code against some of the docstring style conventions in PEP 257
[5.428s] -- Added test 'xmllint' to check XML markup files
[5.441s] -- Configuring done (5.3s)
[5.474s] -- Generating done (0.0s)
[5.485s] -- Build files have been written to: /home/selehadin/diffrobo_ws/build/differential_drive_robot
[5.518s] Invoked command in '/home/selehadin/diffrobo_ws/build/differential_drive_robot' returned '0': CMAKE_PREFIX_PATH=${CMAKE_PREFIX_PATH}:/opt/ros/jazzy CONDA_PROMPT_MODIFIER=(base) DEBUGINFOD_URLS=https://debuginfod.ubuntu.com /usr/bin/cmake /home/selehadin/diffrobo_ws/src/differential_drive_robot -DCMAKE_INSTALL_PREFIX=/home/selehadin/diffrobo_ws/install/differential_drive_robot
[5.529s] Invoking command in '/home/selehadin/diffrobo_ws/build/differential_drive_robot': CMAKE_PREFIX_PATH=${CMAKE_PREFIX_PATH}:/opt/ros/jazzy CONDA_PROMPT_MODIFIER=(base) DEBUGINFOD_URLS=https://debuginfod.ubuntu.com /usr/bin/cmake --build /home/selehadin/diffrobo_ws/build/differential_drive_robot -- -j4 -l4
[5.700s] Invoked command in '/home/selehadin/diffrobo_ws/build/differential_drive_robot' returned '0': CMAKE_PREFIX_PATH=${CMAKE_PREFIX_PATH}:/opt/ros/jazzy CONDA_PROMPT_MODIFIER=(base) DEBUGINFOD_URLS=https://debuginfod.ubuntu.com /usr/bin/cmake --build /home/selehadin/diffrobo_ws/build/differential_drive_robot -- -j4 -l4
[5.748s] Invoking command in '/home/selehadin/diffrobo_ws/build/differential_drive_robot': CMAKE_PREFIX_PATH=${CMAKE_PREFIX_PATH}:/opt/ros/jazzy CONDA_PROMPT_MODIFIER=(base) DEBUGINFOD_URLS=https://debuginfod.ubuntu.com /usr/bin/cmake --install /home/selehadin/diffrobo_ws/build/differential_drive_robot
[5.796s] -- Install configuration: ""
[5.796s] -- Installing: /home/selehadin/diffrobo_ws/install/differential_drive_robot/share/differential_drive_robot/launch
[5.797s] -- Installing: /home/selehadin/diffrobo_ws/install/differential_drive_robot/share/differential_drive_robot/launch/robot.launch.py
[5.798s] -- Installing: /home/selehadin/diffrobo_ws/install/differential_drive_robot/share/differential_drive_robot/model
[5.798s] -- Installing: /home/selehadin/diffrobo_ws/install/differential_drive_robot/share/differential_drive_robot/model/robot.xacro
[5.799s] -- Installing: /home/selehadin/diffrobo_ws/install/differential_drive_robot/share/differential_drive_robot/config
[5.802s] -- Installing: /home/selehadin/diffrobo_ws/install/differential_drive_robot/share/differential_drive_robot/config/gz_bridge.yaml
[5.802s] -- Installing: /home/selehadin/diffrobo_ws/install/differential_drive_robot/share/ament_index/resource_index/package_run_dependencies/differential_drive_robot
[5.805s] -- Installing: /home/selehadin/diffrobo_ws/install/differential_drive_robot/share/ament_index/resource_index/parent_prefix_path/differential_drive_robot
[5.810s] -- Installing: /home/selehadin/diffrobo_ws/install/differential_drive_robot/share/differential_drive_robot/environment/ament_prefix_path.sh
[5.810s] -- Installing: /home/selehadin/diffrobo_ws/install/differential_drive_robot/share/differential_drive_robot/environment/ament_prefix_path.dsv
[5.811s] -- Installing: /home/selehadin/diffrobo_ws/install/differential_drive_robot/share/differential_drive_robot/environment/path.sh
[5.813s] -- Installing: /home/selehadin/diffrobo_ws/install/differential_drive_robot/share/differential_drive_robot/environment/path.dsv
[5.814s] -- Installing: /home/selehadin/diffrobo_ws/install/differential_drive_robot/share/differential_drive_robot/local_setup.bash
[5.814s] -- Installing: /home/selehadin/diffrobo_ws/install/differential_drive_robot/share/differential_drive_robot/local_setup.sh
[5.815s] -- Installing: /home/selehadin/diffrobo_ws/install/differential_drive_robot/share/differential_drive_robot/local_setup.zsh
[5.817s] -- Installing: /home/selehadin/diffrobo_ws/install/differential_drive_robot/share/differential_drive_robot/local_setup.dsv
[5.818s] -- Installing: /home/selehadin/diffrobo_ws/install/differential_drive_robot/share/differential_drive_robot/package.dsv
[5.820s] -- Installing: /home/selehadin/diffrobo_ws/install/differential_drive_robot/share/ament_index/resource_index/packages/differential_drive_robot
[5.820s] -- Installing: /home/selehadin/diffrobo_ws/install/differential_drive_robot/share/differential_drive_robot/cmake/differential_drive_robotConfig.cmake
[5.821s] -- Installing: /home/selehadin/diffrobo_ws/install/differential_drive_robot/share/differential_drive_robot/cmake/differential_drive_robotConfig-version.cmake
[5.822s] -- Installing: /home/selehadin/diffrobo_ws/install/differential_drive_robot/share/differential_drive_robot/package.xml
[5.825s] Invoked command in '/home/selehadin/diffrobo_ws/build/differential_drive_robot' returned '0': CMAKE_PREFIX_PATH=${CMAKE_PREFIX_PATH}:/opt/ros/jazzy CONDA_PROMPT_MODIFIER=(base) DEBUGINFOD_URLS=https://debuginfod.ubuntu.com /usr/bin/cmake --install /home/selehadin/diffrobo_ws/build/differential_drive_robot
